#
# There is insufficient memory for the Java Runtime Environment to continue.
# Native memory allocation (malloc) failed to allocate 208142336 bytes for committing reserved memory.
# Possible reasons:
#   The system is out of physical RAM or swap space
#   In 32 bit mode, the process size limit was hit
# Possible solutions:
#   Reduce memory load on the system
#   Increase physical memory or swap space
#   Check if swap backing store is full
#   Use 64 bit Java on a 64 bit OS
#   Decrease Java heap size (-Xmx/-Xms)
#   Decrease number of Java threads
#   Decrease Java thread stack sizes (-Xss)
#   Set larger code cache with -XX:ReservedCodeCacheSize=
# This output file may be truncated or incomplete.
#
#  Out of Memory Error (os_linux.cpp:2756), pid=9304, tid=140555023062784
#
# JRE version: Java(TM) SE Runtime Environment (7.0_79-b15) (build 1.7.0_79-b15)
# Java VM: Java HotSpot(TM) 64-Bit Server VM (24.79-b02 mixed mode linux-amd64 compressed oops)
# Failed to write core dump. Core dumps have been disabled. To enable core dumping, try "ulimit -c unlimited" before starting Java again
#

---------------  T H R E A D  ---------------

Current thread (0x00007fd58006c000):  VMThread [stack: 0x00007fd584289000,0x00007fd58438a000] [id=9318]

Stack: [0x00007fd584289000,0x00007fd58438a000],  sp=0x00007fd5843881a0,  free space=1020k
Native frames: (J=compiled Java code, j=interpreted, Vv=VM code, C=native code)
V  [libjvm.so+0x9a32da]  VMError::report_and_die()+0x2ea
V  [libjvm.so+0x497f7b]  report_vm_out_of_memory(char const*, int, unsigned long, char const*)+0x9b
V  [libjvm.so+0x81fcce]  os::Linux::commit_memory_impl(char*, unsigned long, bool)+0xfe
V  [libjvm.so+0x820219]  os::pd_commit_memory(char*, unsigned long, unsigned long, bool)+0x29
V  [libjvm.so+0x819faa]  os::commit_memory(char*, unsigned long, unsigned long, bool)+0x2a
V  [libjvm.so+0x88d863]  PSVirtualSpace::expand_by(unsigned long)+0x53
V  [libjvm.so+0x87ccc0]  PSOldGen::expand(unsigned long)+0x170
V  [libjvm.so+0x87cecb]  PSOldGen::resize(unsigned long)+0x1cb
V  [libjvm.so+0x885b91]  PSParallelCompact::invoke_no_policy(bool)+0x9b1
V  [libjvm.so+0x88bb0d]  PSScavenge::invoke()+0x1ad
V  [libjvm.so+0x842320]  ParallelScavengeHeap::failed_mem_allocate(unsigned long)+0x70
V  [libjvm.so+0x9a4b67]  VM_ParallelGCFailedAllocation::doit()+0x97
V  [libjvm.so+0x9ac005]  VM_Operation::evaluate()+0x55
V  [libjvm.so+0x9aa3ca]  VMThread::evaluate_operation(VM_Operation*)+0xba
V  [libjvm.so+0x9aa74e]  VMThread::loop()+0x1ce
V  [libjvm.so+0x9aabc0]  VMThread::run()+0x70
V  [libjvm.so+0x821ca8]  java_start(Thread*)+0x108

VM_Operation (0x00007fd589342f40): ParallelGCFailedAllocation, mode: safepoint, requested by thread 0x00007fd58000c000


---------------  P R O C E S S  ---------------

Java Threads: ( => current thread )
  0x00007fd5802b7800 JavaThread "Monitor Ctrl-Break" daemon [_thread_in_native, id=9333, stack(0x00007fd577eff000,0x00007fd578000000)]
  0x00007fd58009a800 JavaThread "Service Thread" daemon [_thread_blocked, id=9331, stack(0x00007fd57c51a000,0x00007fd57c61b000)]
  0x00007fd580098800 JavaThread "C2 CompilerThread1" daemon [_thread_blocked, id=9330, stack(0x00007fd57c61b000,0x00007fd57c71c000)]
  0x00007fd580095800 JavaThread "C2 CompilerThread0" daemon [_thread_blocked, id=9329, stack(0x00007fd57c71c000,0x00007fd57c81d000)]
  0x00007fd580093000 JavaThread "Signal Dispatcher" daemon [_thread_blocked, id=9328, stack(0x00007fd57c81d000,0x00007fd57c91e000)]
  0x00007fd580072800 JavaThread "Finalizer" daemon [_thread_blocked, id=9322, stack(0x00007fd584087000,0x00007fd584188000)]
  0x00007fd580070800 JavaThread "Reference Handler" daemon [_thread_blocked, id=9321, stack(0x00007fd584188000,0x00007fd584289000)]
  0x00007fd58000c000 JavaThread "main" [_thread_blocked, id=9308, stack(0x00007fd589244000,0x00007fd589345000)]

Other Threads:
=>0x00007fd58006c000 VMThread [stack: 0x00007fd584289000,0x00007fd58438a000] [id=9318]
  0x00007fd5800ad800 WatcherThread [stack: 0x00007fd57c419000,0x00007fd57c51a000] [id=9332]

VM state:at safepoint (normal execution)

VM Mutex/Monitor currently owned by a thread:  ([mutex/lock_event])
[0x00007fd580008180] ExpandHeap_lock - owner thread: 0x00007fd58006c000
[0x00007fd580008800] Threads_lock - owner thread: 0x00007fd58006c000
[0x00007fd580008d00] Heap_lock - owner thread: 0x00007fd58000c000

Heap
 PSYoungGen      total 229888K, used 0K [0x00000007d6e00000, 0x0000000800000000, 0x0000000800000000)
  eden space 229376K, 0% used [0x00000007d6e00000,0x00000007d6e00000,0x00000007e4e00000)
  from space 512K, 0% used [0x00000007e4e00000,0x00000007e4e00000,0x00000007e4e80000)
  to   space 223232K, 0% used [0x00000007f2600000,0x00000007f2600000,0x0000000800000000)
 ParOldGen       total 551936K, used 545435K [0x0000000784a00000, 0x00000007a6500000, 0x00000007d6e00000)
  object space 551936K, 98% used [0x0000000784a00000,0x00000007a5ea6dc8,0x00000007a6500000)
 PSPermGen       total 21504K, used 3183K [0x000000077f800000, 0x0000000780d00000, 0x0000000784a00000)
  object space 21504K, 14% used [0x000000077f800000,0x000000077fb1be98,0x0000000780d00000)

Card table byte_map: [0x00007fd58612e000,0x00007fd586533000] byte_map_base: 0x00007fd582532000

Polling page: 0x00007fd589368000

Code Cache  [0x00007fd57d000000, 0x00007fd57d270000, 0x00007fd580000000)
 total_blobs=310 nmethods=118 adapters=146 free_code_cache=48489Kb largest_free_block=49610688

Compilation events (10 events):
Event: 23.666 Thread 0x00007fd580095800  114             java.lang.ThreadLocal::getMap (5 bytes)
Event: 23.666 Thread 0x00007fd580098800  115             java.lang.ThreadLocal::access$400 (5 bytes)
Event: 23.667 Thread 0x00007fd580095800 nmethod 114 0x00007fd57d09b250 code [0x00007fd57d09b380, 0x00007fd57d09b3f8]
Event: 23.667 Thread 0x00007fd580098800 nmethod 115 0x00007fd57d096290 code [0x00007fd57d0963c0, 0x00007fd57d096418]
Event: 23.674 Thread 0x00007fd580095800  116             java.util.TreeMap::access$100 (5 bytes)
Event: 23.674 Thread 0x00007fd580095800 nmethod 116 0x00007fd57d096090 code [0x00007fd57d0961c0, 0x00007fd57d096218]
Event: 23.692 Thread 0x00007fd580098800  117             java.lang.ThreadLocal::get (34 bytes)
Event: 23.693 Thread 0x00007fd580098800 nmethod 117 0x00007fd57d095c50 code [0x00007fd57d095da0, 0x00007fd57d095ed8]
Event: 23.703 Thread 0x00007fd580095800  118             java.util.TreeMap$PrivateEntryIterator::nextEntry (54 bytes)
Event: 23.705 Thread 0x00007fd580095800 nmethod 118 0x00007fd57d095810 code [0x00007fd57d095960, 0x00007fd57d095ab8]

GC Heap History (10 events):
Event: 7.889 GC heap after
Heap after GC invocations=11 (full 3):
 PSYoungGen      total 433152K, used 116716K [0x00000007d6e00000, 0x00000007fc580000, 0x0000000800000000)
  eden space 316416K, 0% used [0x00000007d6e00000,0x00000007d6e00000,0x00000007ea300000)
  from space 116736K, 99% used [0x00000007f2c00000,0x00000007f9dfb170,0x00000007f9e00000)
  to   space 140288K, 0% used [0x00000007ea300000,0x00000007ea300000,0x00000007f2c00000)
 ParOldGen       total 375296K, used 240511K [0x0000000784a00000, 0x000000079b880000, 0x00000007d6e00000)
  object space 375296K, 64% used [0x0000000784a00000,0x00000007934dfcb8,0x000000079b880000)
 PSPermGen       total 21504K, used 3004K [0x000000077f800000, 0x0000000780d00000, 0x0000000784a00000)
  object space 21504K, 13% used [0x000000077f800000,0x000000077faef370,0x0000000780d00000)
}
Event: 9.840 GC heap before
{Heap before GC invocations=12 (full 3):
 PSYoungGen      total 433152K, used 433132K [0x00000007d6e00000, 0x00000007fc580000, 0x0000000800000000)
  eden space 316416K, 100% used [0x00000007d6e00000,0x00000007ea300000,0x00000007ea300000)
  from space 116736K, 99% used [0x00000007f2c00000,0x00000007f9dfb170,0x00000007f9e00000)
  to   space 140288K, 0% used [0x00000007ea300000,0x00000007ea300000,0x00000007f2c00000)
 ParOldGen       total 375296K, used 240511K [0x0000000784a00000, 0x000000079b880000, 0x00000007d6e00000)
  object space 375296K, 64% used [0x0000000784a00000,0x00000007934dfcb8,0x000000079b880000)
 PSPermGen       total 21504K, used 3004K [0x000000077f800000, 0x0000000780d00000, 0x0000000784a00000)
  object space 21504K, 13% used [0x000000077f800000,0x000000077faef370,0x0000000780d00000)
Event: 14.359 GC heap after
Heap after GC invocations=12 (full 3):
 PSYoungGen      total 456704K, used 140275K [0x00000007d6e00000, 0x0000000800000000, 0x0000000800000000)
  eden space 316416K, 0% used [0x00000007d6e00000,0x00000007d6e00000,0x00000007ea300000)
  from space 140288K, 99% used [0x00000007ea300000,0x00000007f2bfcd38,0x00000007f2c00000)
  to   space 208384K, 0% used [0x00000007f3480000,0x00000007f3480000,0x0000000800000000)
 ParOldGen       total 375296K, used 349783K [0x0000000784a00000, 0x000000079b880000, 0x00000007d6e00000)
  object space 375296K, 93% used [0x0000000784a00000,0x0000000799f95e78,0x000000079b880000)
 PSPermGen       total 21504K, used 3004K [0x000000077f800000, 0x0000000780d00000, 0x0000000784a00000)
  object space 21504K, 13% used [0x000000077f800000,0x000000077faef370,0x0000000780d00000)
}
Event: 14.683 GC heap before
{Heap before GC invocations=13 (full 4):
 PSYoungGen      total 456704K, used 140275K [0x00000007d6e00000, 0x0000000800000000, 0x0000000800000000)
  eden space 316416K, 0% used [0x00000007d6e00000,0x00000007d6e00000,0x00000007ea300000)
  from space 140288K, 99% used [0x00000007ea300000,0x00000007f2bfcd38,0x00000007f2c00000)
  to   space 208384K, 0% used [0x00000007f3480000,0x00000007f3480000,0x0000000800000000)
 ParOldGen       total 375296K, used 349783K [0x0000000784a00000, 0x000000079b880000, 0x00000007d6e00000)
  object space 375296K, 93% used [0x0000000784a00000,0x0000000799f95e78,0x000000079b880000)
 PSPermGen       total 21504K, used 3004K [0x000000077f800000, 0x0000000780d00000, 0x0000000784a00000)
  object space 21504K, 13% used [0x000000077f800000,0x000000077faef370,0x0000000780d00000)
Event: 17.000 GC heap after
Heap after GC invocations=13 (full 4):
 PSYoungGen      total 456704K, used 100412K [0x00000007d6e00000, 0x0000000800000000, 0x0000000800000000)
  eden space 316416K, 0% used [0x00000007d6e00000,0x00000007d6e00000,0x00000007ea300000)
  from space 140288K, 71% used [0x00000007ea300000,0x00000007f050f160,0x00000007f2c00000)
  to   space 208384K, 0% used [0x00000007f3480000,0x00000007f3480000,0x0000000800000000)
 ParOldGen       total 551936K, used 374887K [0x0000000784a00000, 0x00000007a6500000, 0x00000007d6e00000)
  object space 551936K, 67% used [0x0000000784a00000,0x000000079b819f38,0x00000007a6500000)
 PSPermGen       total 21504K, used 3004K [0x000000077f800000, 0x0000000780d00000, 0x0000000784a00000)
  object space 21504K, 13% used [0x000000077f800000,0x000000077faef370,0x0000000780d00000)
}
Event: 23.375 GC heap before
{Heap before GC invocations=14 (full 4):
 PSYoungGen      total 456704K, used 416828K [0x00000007d6e00000, 0x0000000800000000, 0x0000000800000000)
  eden space 316416K, 100% used [0x00000007d6e00000,0x00000007ea300000,0x00000007ea300000)
  from space 140288K, 71% used [0x00000007ea300000,0x00000007f050f160,0x00000007f2c00000)
  to   space 208384K, 0% used [0x00000007f3480000,0x00000007f3480000,0x0000000800000000)
 ParOldGen       total 551936K, used 374887K [0x0000000784a00000, 0x00000007a6500000, 0x00000007d6e00000)
  object space 551936K, 67% used [0x0000000784a00000,0x000000079b819f38,0x00000007a6500000)
 PSPermGen       total 21504K, used 3183K [0x000000077f800000, 0x0000000780d00000, 0x0000000784a00000)
  object space 21504K, 14% used [0x000000077f800000,0x000000077fb1bda0,0x0000000780d00000)
Event: 23.467 GC heap after
Heap after GC invocations=14 (full 4):
 PSYoungGen      total 437760K, used 150400K [0x00000007d6e00000, 0x0000000800000000, 0x0000000800000000)
  eden space 229376K, 0% used [0x00000007d6e00000,0x00000007d6e00000,0x00000007e4e00000)
  from space 208384K, 72% used [0x00000007f3480000,0x00000007fc7603b8,0x0000000800000000)
  to   space 222208K, 0% used [0x00000007e4e00000,0x00000007e4e00000,0x00000007f2700000)
 ParOldGen       total 551936K, used 409895K [0x0000000784a00000, 0x00000007a6500000, 0x00000007d6e00000)
  object space 551936K, 74% used [0x0000000784a00000,0x000000079da49c18,0x00000007a6500000)
 PSPermGen       total 21504K, used 3183K [0x000000077f800000, 0x0000000780d00000, 0x0000000784a00000)
  object space 21504K, 14% used [0x000000077f800000,0x000000077fb1bda0,0x0000000780d00000)
}
Event: 23.716 GC heap before
{Heap before GC invocations=15 (full 4):
 PSYoungGen      total 437760K, used 379776K [0x00000007d6e00000, 0x0000000800000000, 0x0000000800000000)
  eden space 229376K, 100% used [0x00000007d6e00000,0x00000007e4e00000,0x00000007e4e00000)
  from space 208384K, 72% used [0x00000007f3480000,0x00000007fc7603b8,0x0000000800000000)
  to   space 222208K, 0% used [0x00000007e4e00000,0x00000007e4e00000,0x00000007f2700000)
 ParOldGen       total 551936K, used 409895K [0x0000000784a00000, 0x00000007a6500000, 0x00000007d6e00000)
  object space 551936K, 74% used [0x0000000784a00000,0x000000079da49c18,0x00000007a6500000)
 PSPermGen       total 21504K, used 3183K [0x000000077f800000, 0x0000000780d00000, 0x0000000784a00000)
  object space 21504K, 14% used [0x000000077f800000,0x000000077fb1bec0,0x0000000780d00000)
Event: 27.104 GC heap after
Heap after GC invocations=15 (full 4):
 PSYoungGen      total 229888K, used 160K [0x00000007d6e00000, 0x0000000800000000, 0x0000000800000000)
  eden space 229376K, 0% used [0x00000007d6e00000,0x00000007d6e00000,0x00000007e4e00000)
  from space 512K, 31% used [0x00000007e4e00000,0x00000007e4e28000,0x00000007e4e80000)
  to   space 223232K, 0% used [0x00000007f2600000,0x00000007f2600000,0x0000000800000000)
 ParOldGen       total 551936K, used 547001K [0x0000000784a00000, 0x00000007a6500000, 0x00000007d6e00000)
  object space 551936K, 99% used [0x0000000784a00000,0x00000007a602e788,0x00000007a6500000)
 PSPermGen       total 21504K, used 3183K [0x000000077f800000, 0x0000000780d00000, 0x0000000784a00000)
  object space 21504K, 14% used [0x000000077f800000,0x000000077fb1bec0,0x0000000780d00000)
}
Event: 27.694 GC heap before
{Heap before GC invocations=16 (full 5):
 PSYoungGen      total 229888K, used 160K [0x00000007d6e00000, 0x0000000800000000, 0x0000000800000000)
  eden space 229376K, 0% used [0x00000007d6e00000,0x00000007d6e00000,0x00000007e4e00000)
  from space 512K, 31% used [0x00000007e4e00000,0x00000007e4e28000,0x00000007e4e80000)
  to   space 223232K, 0% used [0x00000007f2600000,0x00000007f2600000,0x0000000800000000)
 ParOldGen       total 551936K, used 547001K [0x0000000784a00000, 0x00000007a6500000, 0x00000007d6e00000)
  object space 551936K, 99% used [0x0000000784a00000,0x00000007a602e788,0x00000007a6500000)
 PSPermGen       total 21504K, used 3183K [0x000000077f800000, 0x0000000780d00000, 0x0000000784a00000)
  object space 21504K, 14% used [0x000000077f800000,0x000000077fb1bec0,0x0000000780d00000)

Deoptimization events (9 events):
Event: 21.553 Thread 0x00007fd58000c000 Uncommon trap: reason=unreached action=reinterpret pc=0x00007fd57d068e48 method=com.xy.lr.java.tools.file.JFile.getAllLines(Ljava/io/File;Ljava/lang/String;)Ljava/util/ArrayList; @ 65
Event: 21.913 Thread 0x00007fd58000c000 Uncommon trap: reason=unreached action=reinterpret pc=0x00007fd57d070d40 method=java.util.ArrayList.ensureCapacityInternal(I)V @ 7
Event: 21.989 Thread 0x00007fd58000c000 Uncommon trap: reason=unreached action=reinterpret pc=0x00007fd57d072c58 method=java.util.ArrayList.ensureCapacityInternal(I)V @ 7
Event: 22.511 Thread 0x00007fd58000c000 Uncommon trap: reason=class_check action=maybe_recompile pc=0x00007fd57d06cf98 method=sun.nio.cs.UTF_8.updatePositions(Ljava/nio/Buffer;ILjava/nio/Buffer;I)V @ 3
Event: 22.511 Thread 0x00007fd58000c000 Uncommon trap: reason=class_check action=maybe_recompile pc=0x00007fd57d06cf98 method=sun.nio.cs.UTF_8.updatePositions(Ljava/nio/Buffer;ILjava/nio/Buffer;I)V @ 3
Event: 22.511 Thread 0x00007fd58000c000 Uncommon trap: reason=class_check action=maybe_recompile pc=0x00007fd57d06cf98 method=sun.nio.cs.UTF_8.updatePositions(Ljava/nio/Buffer;ILjava/nio/Buffer;I)V @ 3
Event: 22.511 Thread 0x00007fd58000c000 Uncommon trap: reason=class_check action=maybe_recompile pc=0x00007fd57d06cf98 method=sun.nio.cs.UTF_8.updatePositions(Ljava/nio/Buffer;ILjava/nio/Buffer;I)V @ 3
Event: 23.296 Thread 0x00007fd58000c000 Uncommon trap: reason=unreached action=reinterpret pc=0x00007fd57d09f160 method=com.xy.lr.java.tfidf.main.JTF_IDFUtil.makeVector(Ljava/lang/String;Ljava/lang/String;I)V @ 222
Event: 23.569 Thread 0x00007fd58000c000 Uncommon trap: reason=unreached action=reinterpret pc=0x00007fd57d08a1c4 method=sun.misc.FloatingDecimal.big5pow(I)Lsun/misc/FDBigInt; @ 74

Internal exceptions (10 events):
Event: 0.121 Thread 0x00007fd58000c000 Threw 0x00000007d6f7aab0 at /HUDSON/workspace/7u-2-build-linux-amd64/jdk7u79/2331/hotspot/src/share/vm/prims/jvm.cpp:1304
Event: 0.121 Thread 0x00007fd58000c000 Threw 0x00000007d6f7abd8 at /HUDSON/workspace/7u-2-build-linux-amd64/jdk7u79/2331/hotspot/src/share/vm/prims/jvm.cpp:1304
Event: 0.121 Thread 0x00007fd58000c000 Threw 0x00000007d6f7b788 at /HUDSON/workspace/7u-2-build-linux-amd64/jdk7u79/2331/hotspot/src/share/vm/prims/jvm.cpp:1304
Event: 0.121 Thread 0x00007fd58000c000 Threw 0x00000007d6f7b8b0 at /HUDSON/workspace/7u-2-build-linux-amd64/jdk7u79/2331/hotspot/src/share/vm/prims/jvm.cpp:1304
Event: 0.134 Thread 0x00007fd58000c000 Threw 0x00000007d6fccbf0 at /HUDSON/workspace/7u-2-build-linux-amd64/jdk7u79/2331/hotspot/src/share/vm/prims/jvm.cpp:1304
Event: 0.135 Thread 0x00007fd58000c000 Threw 0x00000007d6fd5ea0 at /HUDSON/workspace/7u-2-build-linux-amd64/jdk7u79/2331/hotspot/src/share/vm/prims/jvm.cpp:1304
Event: 0.143 Thread 0x00007fd58000c000 Threw 0x00000007d6fdbd28 at /HUDSON/workspace/7u-2-build-linux-amd64/jdk7u79/2331/hotspot/src/share/vm/prims/jvm.cpp:1304
Event: 0.144 Thread 0x00007fd58000c000 Threw 0x00000007d7085cf0 at /HUDSON/workspace/7u-2-build-linux-amd64/jdk7u79/2331/hotspot/src/share/vm/prims/jvm.cpp:1304
Event: 0.146 Thread 0x00007fd58000c000 Threw 0x00000007d708ae88 at /HUDSON/workspace/7u-2-build-linux-amd64/jdk7u79/2331/hotspot/src/share/vm/prims/jvm.cpp:1304
Event: 22.023 Thread 0x00007fd58000c000 Threw 0x00000007e144e198 at /HUDSON/workspace/7u-2-build-linux-amd64/jdk7u79/2331/hotspot/src/share/vm/prims/jvm.cpp:1304

Events (10 events):
Event: 23.469 Executing VM operation: BulkRevokeBias
Event: 23.469 Executing VM operation: BulkRevokeBias done
Event: 23.469 Executing VM operation: BulkRevokeBias
Event: 23.469 Executing VM operation: BulkRevokeBias done
Event: 23.569 Thread 0x00007fd58000c000 Uncommon trap: trap_request=0xffffffad fr.pc=0x00007fd57d08a1c4
Event: 23.569 Executing VM operation: RevokeBias
Event: 23.569 Executing VM operation: RevokeBias done
Event: 23.569 Thread 0x00007fd58000c000 DEOPT PACKING pc=0x00007fd57d08a1c4 sp=0x00007fd589343050
Event: 23.569 Thread 0x00007fd58000c000 DEOPT UNPACKING pc=0x00007fd57d039445 sp=0x00007fd589342f90 mode 2
Event: 23.716 Executing VM operation: ParallelGCFailedAllocation


Dynamic libraries:
00400000-00401000 r-xp 00000000 08:04 1968126                            /opt/jdk1.7.0_79/bin/java
00600000-00601000 rw-p 00000000 08:04 1968126                            /opt/jdk1.7.0_79/bin/java
00ac7000-00ae8000 rw-p 00000000 00:00 0                                  [heap]
77f800000-780d00000 rw-p 00000000 00:00 0 
780d00000-784a00000 rw-p 00000000 00:00 0 
784a00000-7a6500000 rw-p 00000000 00:00 0 
7b2b80000-7d6e00000 rw-p 00000000 00:00 0 
7d6e00000-800000000 rw-p 00000000 00:00 0 
7fd53c000000-7fd53c021000 rw-p 00000000 00:00 0 
7fd53c021000-7fd540000000 ---p 00000000 00:00 0 
7fd540000000-7fd540021000 rw-p 00000000 00:00 0 
7fd540021000-7fd544000000 ---p 00000000 00:00 0 
7fd544000000-7fd544462000 rw-p 00000000 00:00 0 
7fd544462000-7fd548000000 ---p 00000000 00:00 0 
7fd548000000-7fd548021000 rw-p 00000000 00:00 0 
7fd548021000-7fd54c000000 ---p 00000000 00:00 0 
7fd54c000000-7fd54c021000 rw-p 00000000 00:00 0 
7fd54c021000-7fd550000000 ---p 00000000 00:00 0 
7fd550000000-7fd55071e000 rw-p 00000000 00:00 0 
7fd55071e000-7fd554000000 ---p 00000000 00:00 0 
7fd554000000-7fd554021000 rw-p 00000000 00:00 0 
7fd554021000-7fd558000000 ---p 00000000 00:00 0 
7fd558000000-7fd558021000 rw-p 00000000 00:00 0 
7fd558021000-7fd55c000000 ---p 00000000 00:00 0 
7fd55c000000-7fd55c021000 rw-p 00000000 00:00 0 
7fd55c021000-7fd560000000 ---p 00000000 00:00 0 
7fd563fc0000-7fd568000000 rw-p 00000000 00:00 0 
7fd568000000-7fd568021000 rw-p 00000000 00:00 0 
7fd568021000-7fd56c000000 ---p 00000000 00:00 0 
7fd56c000000-7fd56c021000 rw-p 00000000 00:00 0 
7fd56c021000-7fd570000000 ---p 00000000 00:00 0 
7fd570000000-7fd570021000 rw-p 00000000 00:00 0 
7fd570021000-7fd574000000 ---p 00000000 00:00 0 
7fd577aa0000-7fd577ce8000 rw-p 00000000 00:00 0 
7fd577ce8000-7fd577cfe000 r-xp 00000000 08:04 1966151                    /opt/jdk1.7.0_79/jre/lib/amd64/libnet.so
7fd577cfe000-7fd577efe000 ---p 00016000 08:04 1966151                    /opt/jdk1.7.0_79/jre/lib/amd64/libnet.so
7fd577efe000-7fd577eff000 rw-p 00016000 08:04 1966151                    /opt/jdk1.7.0_79/jre/lib/amd64/libnet.so
7fd577eff000-7fd577f02000 ---p 00000000 00:00 0 
7fd577f02000-7fd578000000 rw-p 00000000 00:00 0                          [stack:9333]
7fd578000000-7fd578021000 rw-p 00000000 00:00 0 
7fd578021000-7fd57c000000 ---p 00000000 00:00 0 
7fd57c03c000-7fd57c03d000 rw-p 00000000 00:00 0 
7fd57c03d000-7fd57c044000 r--s 00000000 08:04 3411713                    /usr/lib/x86_64-linux-gnu/gconv/gconv-modules.cache
7fd57c044000-7fd57c058000 r--p 00000000 08:04 3937402                    /usr/share/locale-langpack/zh_CN/LC_MESSAGES/libc.mo
7fd57c058000-7fd57c089000 rw-p 00000000 00:00 0 
7fd57c089000-7fd57c08a000 r-xp 00000000 08:04 2127684                    /opt/idea-IC-145.258.11/bin/libbreakgen64.so
7fd57c08a000-7fd57c289000 ---p 00001000 08:04 2127684                    /opt/idea-IC-145.258.11/bin/libbreakgen64.so
7fd57c289000-7fd57c28a000 r--p 00000000 08:04 2127684                    /opt/idea-IC-145.258.11/bin/libbreakgen64.so
7fd57c28a000-7fd57c28b000 rw-p 00001000 08:04 2127684                    /opt/idea-IC-145.258.11/bin/libbreakgen64.so
7fd57c28b000-7fd57c28d000 r--s 0001e000 08:04 2126664                    /opt/idea-IC-145.258.11/lib/idea_rt.jar
7fd57c28d000-7fd57c296000 r--s 000a4000 08:04 4924                       /home/xylr/.m2/repository/hsqldb/hsqldb/1.8.0.10/hsqldb-1.8.0.10.jar
7fd57c296000-7fd57c29b000 r--s 0004a000 08:04 4919                       /home/xylr/.m2/repository/net/java/dev/jets3t/jets3t/0.6.1/jets3t-0.6.1.jar
7fd57c29b000-7fd57c29e000 r--s 00019000 08:04 4920                       /home/xylr/.m2/repository/commons-el/commons-el/1.0/commons-el-1.0.jar
7fd57c29e000-7fd57c2ad000 r--s 000ee000 08:04 4918                       /home/xylr/.m2/repository/ant/ant/1.6.5/ant-1.6.5.jar
7fd57c2ad000-7fd57c2d0000 r--s 00344000 08:04 4916                       /home/xylr/.m2/repository/org/eclipse/jdt/core/3.1.1/core-3.1.1.jar
7fd57c2d0000-7fd57c2e1000 r--s 000ea000 08:04 4914                       /home/xylr/.m2/repository/org/mortbay/jetty/jsp-2.1/6.1.14/jsp-2.1-6.1.14.jar
7fd57c2e1000-7fd57c2e4000 r--s 0001e000 08:04 4913                       /home/xylr/.m2/repository/org/mortbay/jetty/servlet-api-2.5/6.1.14/servlet-api-2.5-6.1.14.jar
7fd57c2e4000-7fd57c2e7000 r--s 0001e000 08:04 5657025                    /home/xylr/.m2/repository/org/mortbay/jetty/jsp-api-2.1/6.1.14/jsp-api-2.1-6.1.14.jar
7fd57c2e7000-7fd57c2ec000 r--s 0005e000 08:04 5250399                    /home/xylr/.m2/repository/tomcat/jasper-compiler/5.5.12/jasper-compiler-5.5.12.jar
7fd57c2ec000-7fd57c2ee000 r--s 00011000 08:04 4995493                    /home/xylr/.m2/repository/tomcat/jasper-runtime/5.5.12/jasper-runtime-5.5.12.jar
7fd57c2ee000-7fd57c2f0000 r--s 0001f000 08:04 5649057                    /home/xylr/.m2/repository/org/mortbay/jetty/servlet-api/2.5-20081211/servlet-api-2.5-20081211.jar
7fd57c2f0000-7fd57c2f4000 r--s 00028000 08:04 5505035                    /home/xylr/.m2/repository/org/mortbay/jetty/jetty-util/6.1.26/jetty-util-6.1.26.jar
7fd57c2f4000-7fd57c2fb000 r--s 0007d000 08:04 4910                       /home/xylr/.m2/repository/org/mortbay/jetty/jetty/6.1.26/jetty-6.1.26.jar
7fd57c2fb000-7fd57c2fd000 r--s 0000e000 08:04 4855103                    /home/xylr/.m2/repository/oro/oro/2.0.8/oro-2.0.8.jar
7fd57c2fd000-7fd57c302000 r--s 00028000 08:04 4896                       /home/xylr/.m2/repository/commons-net/commons-net/1.4.1/commons-net-1.4.1.jar
7fd57c302000-7fd57c306000 r--s 0002f000 08:04 5242997                    /home/xylr/.m2/repository/commons-beanutils/commons-beanutils-core/1.8.0/commons-beanutils-core-1.8.0.jar
7fd57c306000-7fd57c30b000 r--s 0002a000 08:04 5375089                    /home/xylr/.m2/repository/commons-beanutils/commons-beanutils/1.7.0/commons-beanutils-1.7.0.jar
7fd57c30b000-7fd57c30f000 r--s 00020000 08:04 5375087                    /home/xylr/.m2/repository/commons-digester/commons-digester/1.8/commons-digester-1.8.jar
7fd57c30f000-7fd57c313000 r--s 0003c000 08:04 4718761                    /home/xylr/.m2/repository/commons-lang/commons-lang/2.4/commons-lang-2.4.jar
7fd57c313000-7fd57c321000 r--s 0007f000 08:04 4987371                    /home/xylr/.m2/repository/commons-collections/commons-collections/3.2.1/commons-collections-3.2.1.jar
7fd57c321000-7fd57c327000 r--s 00043000 08:04 4850792                    /home/xylr/.m2/repository/commons-configuration/commons-configuration/1.6/commons-configuration-1.6.jar
7fd57c327000-7fd57c338000 r--s 000bb000 08:04 4850788                    /home/xylr/.m2/repository/org/apache/commons/commons-math/2.1/commons-math-2.1.jar
7fd57c338000-7fd57c33a000 r--s 0000d000 08:04 4994902                    /home/xylr/.m2/repository/commons-codec/commons-codec/1.4/commons-codec-1.4.jar
7fd57c33a000-7fd57c33b000 r--s 00007000 08:04 5121855                    /home/xylr/.m2/repository/commons-logging/commons-logging/1.0.3/commons-logging-1.0.3.jar
7fd57c33b000-7fd57c340000 r--s 00040000 08:04 4903                       /home/xylr/.m2/repository/commons-httpclient/commons-httpclient/3.0.1/commons-httpclient-3.0.1.jar
7fd57c340000-7fd57c343000 r--s 00025000 08:04 4980951                    /home/xylr/.m2/repository/commons-io/commons-io/2.1/commons-io-2.1.jar
7fd57c343000-7fd57c344000 r--s 0000a000 08:04 4850831                    /home/xylr/.m2/repository/asm/asm/3.1/asm-3.1.jar
7fd57c344000-7fd57c355000 r--s 00099000 08:04 4908                       /home/xylr/.m2/repository/com/sun/jersey/jersey-server/1.8/jersey-server-1.8.jar
7fd57c355000-7fd57c357000 r--s 00003000 08:04 4900                       /home/xylr/.m2/repository/org/codehaus/jackson/jackson-jaxrs/1.7.1/jackson-jaxrs-1.7.1.jar
7fd57c357000-7fd57c364000 r--s 00097000 08:04 4850796                    /home/xylr/.m2/repository/org/codehaus/jackson/jackson-mapper-asl/1.8.8/jackson-mapper-asl-1.8.8.jar
7fd57c364000-7fd57c368000 r--s 0002f000 08:04 4892                       /home/xylr/.m2/repository/org/codehaus/jackson/jackson-core-asl/1.7.1/jackson-core-asl-1.7.1.jar
7fd57c368000-7fd57c36a000 r--s 0000e000 08:04 4980960                    /home/xylr/.m2/repository/javax/activation/activation/1.1/activation-1.1.jar
7fd57c36a000-7fd57c36c000 r--s 00004000 08:04 4890                       /home/xylr/.m2/repository/javax/xml/stream/stax-api/1.0-2/stax-api-1.0-2.jar
7fd57c36c000-7fd57c36f000 r--s 00017000 08:04 4980958                    /home/xylr/.m2/repository/javax/xml/bind/jaxb-api/2.2.2/jaxb-api-2.2.2.jar
7fd57c36f000-7fd57c382000 r--s 000c7000 08:04 5112209                    /home/xylr/.m2/repository/com/sun/xml/bind/jaxb-impl/2.2.3-1/jaxb-impl-2.2.3-1.jar
7fd57c382000-7fd57c384000 r--s 00005000 08:04 4850834                    /home/xylr/.m2/repository/stax/stax-api/1.0.1/stax-api-1.0.1.jar
7fd57c384000-7fd57c386000 r--s 0000f000 08:04 4850833                    /home/xylr/.m2/repository/org/codehaus/jettison/jettison/1.1/jettison-1.1.jar
7fd57c386000-7fd57c38a000 r--s 00021000 08:04 4888                       /home/xylr/.m2/repository/com/sun/jersey/jersey-json/1.8/jersey-json-1.8.jar
7fd57c38a000-7fd57c419000 r--s 00de4000 08:04 1966718                    /opt/jdk1.7.0_79/jre/lib/jfxrt.jar
7fd57c419000-7fd57c41a000 ---p 00000000 00:00 0 
7fd57c41a000-7fd57c51a000 rw-p 00000000 00:00 0                          [stack:9332]
7fd57c51a000-7fd57c51d000 ---p 00000000 00:00 0 
7fd57c51d000-7fd57c61b000 rw-p 00000000 00:00 0                          [stack:9331]
7fd57c61b000-7fd57c61e000 ---p 00000000 00:00 0 
7fd57c61e000-7fd57c71c000 rw-p 00000000 00:00 0                          [stack:9330]
7fd57c71c000-7fd57c71f000 ---p 00000000 00:00 0 
7fd57c71f000-7fd57c81d000 rw-p 00000000 00:00 0                          [stack:9329]
7fd57c81d000-7fd57c820000 ---p 00000000 00:00 0 
7fd57c820000-7fd57c91e000 rw-p 00000000 00:00 0                          [stack:9328]
7fd57c91e000-7fd57d000000 r--p 00000000 08:04 3152935                    /usr/lib/locale/locale-archive
7fd57d000000-7fd57d270000 rwxp 00000000 00:00 0 
7fd57d270000-7fd5802d2000 rw-p 00000000 00:00 0 
7fd5802d2000-7fd584000000 ---p 00000000 00:00 0 
7fd584000000-7fd584001000 r--s 00007000 08:04 4904                       /home/xylr/.m2/repository/org/codehaus/jackson/jackson-xc/1.7.1/jackson-xc-1.7.1.jar
7fd584001000-7fd58400b000 r--s 00066000 08:04 4901                       /home/xylr/.m2/repository/com/sun/jersey/jersey-core/1.8/jersey-core-1.8.jar
7fd58400b000-7fd58400d000 r--s 00009000 08:04 4850786                    /home/xylr/.m2/repository/commons-cli/commons-cli/1.2/commons-cli-1.2.jar
7fd58400d000-7fd584047000 r--s 003c9000 08:04 4894                       /home/xylr/.m2/repository/org/apache/hadoop/hadoop-core/1.2.1/hadoop-core-1.2.1.jar
7fd584047000-7fd584051000 r--s 000e7000 08:04 4596951                    /home/xylr/.m2/repository/mysql/mysql-connector-java/5.1.38/mysql-connector-java-5.1.38.jar
7fd584051000-7fd584056000 r--s 00016000 08:04 4219109                    /home/xylr/.m2/repository/xml-apis/xml-apis/1.0.b2/xml-apis-1.0.b2.jar
7fd584056000-7fd58405b000 r--s 00048000 08:04 4219107                    /home/xylr/.m2/repository/dom4j/dom4j/1.6.1/dom4j-1.6.1.jar
7fd58405b000-7fd58406e000 r--s 000d6000 08:04 1966104                    /opt/jdk1.7.0_79/jre/lib/plugin.jar
7fd58406e000-7fd584087000 r--s 001e7000 08:04 1966739                    /opt/jdk1.7.0_79/jre/lib/deploy.jar
7fd584087000-7fd58408a000 ---p 00000000 00:00 0 
7fd58408a000-7fd584188000 rw-p 00000000 00:00 0                          [stack:9322]
7fd584188000-7fd58418b000 ---p 00000000 00:00 0 
7fd58418b000-7fd584289000 rw-p 00000000 00:00 0                          [stack:9321]
7fd584289000-7fd58428a000 ---p 00000000 00:00 0 
7fd58428a000-7fd585389000 rw-p 00000000 00:00 0                          [stack:9318]
7fd585389000-7fd585549000 r--s 039f7000 08:04 1966799                    /opt/jdk1.7.0_79/jre/lib/rt.jar
7fd585549000-7fd585a6f000 rw-p 00000000 00:00 0 
7fd585a6f000-7fd585a70000 ---p 00000000 00:00 0 
7fd585a70000-7fd585b70000 rw-p 00000000 00:00 0                          [stack:9316]
7fd585b70000-7fd585b71000 ---p 00000000 00:00 0 
7fd585b71000-7fd585c71000 rw-p 00000000 00:00 0                          [stack:9314]
7fd585c71000-7fd585c72000 ---p 00000000 00:00 0 
7fd585c72000-7fd585d72000 rw-p 00000000 00:00 0                          [stack:9312]
7fd585d72000-7fd585d73000 ---p 00000000 00:00 0 
7fd585d73000-7fd585e7e000 rw-p 00000000 00:00 0                          [stack:9310]
7fd585e7e000-7fd585e9c000 rw-p 00000000 00:00 0 
7fd585e9c000-7fd585faa000 rw-p 00000000 00:00 0 
7fd585faa000-7fd58612e000 rw-p 00000000 00:00 0 
7fd58612e000-7fd586139000 rw-p 00000000 00:00 0 
7fd586139000-7fd586157000 rw-p 00000000 00:00 0 
7fd586157000-7fd586265000 rw-p 00000000 00:00 0 
7fd586265000-7fd5863e9000 rw-p 00000000 00:00 0 
7fd5863e9000-7fd586532000 rw-p 00000000 00:00 0 
7fd586532000-7fd586533000 rw-p 00000000 00:00 0 
7fd586533000-7fd58654d000 r-xp 00000000 08:04 1966146                    /opt/jdk1.7.0_79/jre/lib/amd64/libzip.so
7fd58654d000-7fd58674d000 ---p 0001a000 08:04 1966146                    /opt/jdk1.7.0_79/jre/lib/amd64/libzip.so
7fd58674d000-7fd58674e000 rw-p 0001a000 08:04 1966146                    /opt/jdk1.7.0_79/jre/lib/amd64/libzip.so
7fd58674e000-7fd586759000 r-xp 00000000 08:04 5375113                    /lib/x86_64-linux-gnu/libnss_files-2.19.so
7fd586759000-7fd586958000 ---p 0000b000 08:04 5375113                    /lib/x86_64-linux-gnu/libnss_files-2.19.so
7fd586958000-7fd586959000 r--p 0000a000 08:04 5375113                    /lib/x86_64-linux-gnu/libnss_files-2.19.so
7fd586959000-7fd58695a000 rw-p 0000b000 08:04 5375113                    /lib/x86_64-linux-gnu/libnss_files-2.19.so
7fd58695a000-7fd586965000 r-xp 00000000 08:04 5375105                    /lib/x86_64-linux-gnu/libnss_nis-2.19.so
7fd586965000-7fd586b64000 ---p 0000b000 08:04 5375105                    /lib/x86_64-linux-gnu/libnss_nis-2.19.so
7fd586b64000-7fd586b65000 r--p 0000a000 08:04 5375105                    /lib/x86_64-linux-gnu/libnss_nis-2.19.so
7fd586b65000-7fd586b66000 rw-p 0000b000 08:04 5375105                    /lib/x86_64-linux-gnu/libnss_nis-2.19.so
7fd586b66000-7fd586b7d000 r-xp 00000000 08:04 5375101                    /lib/x86_64-linux-gnu/libnsl-2.19.so
7fd586b7d000-7fd586d7c000 ---p 00017000 08:04 5375101                    /lib/x86_64-linux-gnu/libnsl-2.19.so
7fd586d7c000-7fd586d7d000 r--p 00016000 08:04 5375101                    /lib/x86_64-linux-gnu/libnsl-2.19.so
7fd586d7d000-7fd586d7e000 rw-p 00017000 08:04 5375101                    /lib/x86_64-linux-gnu/libnsl-2.19.so
7fd586d7e000-7fd586d80000 rw-p 00000000 00:00 0 
7fd586d80000-7fd586d89000 r-xp 00000000 08:04 5375100                    /lib/x86_64-linux-gnu/libnss_compat-2.19.so
7fd586d89000-7fd586f88000 ---p 00009000 08:04 5375100                    /lib/x86_64-linux-gnu/libnss_compat-2.19.so
7fd586f88000-7fd586f89000 r--p 00008000 08:04 5375100                    /lib/x86_64-linux-gnu/libnss_compat-2.19.so
7fd586f89000-7fd586f8a000 rw-p 00009000 08:04 5375100                    /lib/x86_64-linux-gnu/libnss_compat-2.19.so
7fd586f8a000-7fd586fb3000 r-xp 00000000 08:04 1966112                    /opt/jdk1.7.0_79/jre/lib/amd64/libjava.so
7fd586fb3000-7fd5871b3000 ---p 00029000 08:04 1966112                    /opt/jdk1.7.0_79/jre/lib/amd64/libjava.so
7fd5871b3000-7fd5871b5000 rw-p 00029000 08:04 1966112                    /opt/jdk1.7.0_79/jre/lib/amd64/libjava.so
7fd5871b5000-7fd5871c2000 r-xp 00000000 08:04 1966139                    /opt/jdk1.7.0_79/jre/lib/amd64/libverify.so
7fd5871c2000-7fd5873c1000 ---p 0000d000 08:04 1966139                    /opt/jdk1.7.0_79/jre/lib/amd64/libverify.so
7fd5873c1000-7fd5873c3000 rw-p 0000c000 08:04 1966139                    /opt/jdk1.7.0_79/jre/lib/amd64/libverify.so
7fd5873c3000-7fd5873ca000 r-xp 00000000 08:04 5375109                    /lib/x86_64-linux-gnu/librt-2.19.so
7fd5873ca000-7fd5875c9000 ---p 00007000 08:04 5375109                    /lib/x86_64-linux-gnu/librt-2.19.so
7fd5875c9000-7fd5875ca000 r--p 00006000 08:04 5375109                    /lib/x86_64-linux-gnu/librt-2.19.so
7fd5875ca000-7fd5875cb000 rw-p 00007000 08:04 5375109                    /lib/x86_64-linux-gnu/librt-2.19.so
7fd5875cb000-7fd5876d0000 r-xp 00000000 08:04 5375095                    /lib/x86_64-linux-gnu/libm-2.19.so
7fd5876d0000-7fd5878cf000 ---p 00105000 08:04 5375095                    /lib/x86_64-linux-gnu/libm-2.19.so
7fd5878cf000-7fd5878d0000 r--p 00104000 08:04 5375095                    /lib/x86_64-linux-gnu/libm-2.19.so
7fd5878d0000-7fd5878d1000 rw-p 00105000 08:04 5375095                    /lib/x86_64-linux-gnu/libm-2.19.so
7fd5878d1000-7fd588446000 r-xp 00000000 08:04 1966166                    /opt/jdk1.7.0_79/jre/lib/amd64/server/libjvm.so
7fd588446000-7fd588646000 ---p 00b75000 08:04 1966166                    /opt/jdk1.7.0_79/jre/lib/amd64/server/libjvm.so
7fd588646000-7fd58870a000 rw-p 00b75000 08:04 1966166                    /opt/jdk1.7.0_79/jre/lib/amd64/server/libjvm.so
7fd58870a000-7fd58874b000 rw-p 00000000 00:00 0 
7fd58874b000-7fd588906000 r-xp 00000000 08:04 5375110                    /lib/x86_64-linux-gnu/libc-2.19.so
7fd588906000-7fd588b05000 ---p 001bb000 08:04 5375110                    /lib/x86_64-linux-gnu/libc-2.19.so
7fd588b05000-7fd588b09000 r--p 001ba000 08:04 5375110                    /lib/x86_64-linux-gnu/libc-2.19.so
7fd588b09000-7fd588b0b000 rw-p 001be000 08:04 5375110                    /lib/x86_64-linux-gnu/libc-2.19.so
7fd588b0b000-7fd588b10000 rw-p 00000000 00:00 0 
7fd588b10000-7fd588b13000 r-xp 00000000 08:04 5375097                    /lib/x86_64-linux-gnu/libdl-2.19.so
7fd588b13000-7fd588d12000 ---p 00003000 08:04 5375097                    /lib/x86_64-linux-gnu/libdl-2.19.so
7fd588d12000-7fd588d13000 r--p 00002000 08:04 5375097                    /lib/x86_64-linux-gnu/libdl-2.19.so
7fd588d13000-7fd588d14000 rw-p 00003000 08:04 5375097                    /lib/x86_64-linux-gnu/libdl-2.19.so
7fd588d14000-7fd588d2a000 r-xp 00000000 08:04 1966847                    /opt/jdk1.7.0_79/lib/amd64/jli/libjli.so
7fd588d2a000-7fd588f2a000 ---p 00016000 08:04 1966847                    /opt/jdk1.7.0_79/lib/amd64/jli/libjli.so
7fd588f2a000-7fd588f2b000 rw-p 00016000 08:04 1966847                    /opt/jdk1.7.0_79/lib/amd64/jli/libjli.so
7fd588f2b000-7fd588f44000 r-xp 00000000 08:04 5375102                    /lib/x86_64-linux-gnu/libpthread-2.19.so
7fd588f44000-7fd589143000 ---p 00019000 08:04 5375102                    /lib/x86_64-linux-gnu/libpthread-2.19.so
7fd589143000-7fd589144000 r--p 00018000 08:04 5375102                    /lib/x86_64-linux-gnu/libpthread-2.19.so
7fd589144000-7fd589145000 rw-p 00019000 08:04 5375102                    /lib/x86_64-linux-gnu/libpthread-2.19.so
7fd589145000-7fd589149000 rw-p 00000000 00:00 0 
7fd589149000-7fd58916c000 r-xp 00000000 08:04 5375103                    /lib/x86_64-linux-gnu/ld-2.19.so
7fd58916c000-7fd58916d000 r--s 00003000 08:04 4850789                    /home/xylr/.m2/repository/xmlenc/xmlenc/0.52/xmlenc-0.52.jar
7fd58916d000-7fd58916e000 r--s 00005000 08:04 5246141                    /home/xylr/.m2/repository/com/xy/lr/java/java-tools/1.0-SNAPSHOT/java-tools-1.0-SNAPSHOT.jar
7fd58916e000-7fd589178000 r--s 00253000 08:04 1966194                    /opt/jdk1.7.0_79/jre/lib/resources.jar
7fd589178000-7fd58917c000 r--s 0008b000 08:04 1966743                    /opt/jdk1.7.0_79/jre/lib/jsse.jar
7fd58917c000-7fd589181000 r--s 0007d000 08:04 1966745                    /opt/jdk1.7.0_79/jre/lib/jfr.jar
7fd589181000-7fd589184000 r--s 00019000 08:04 1966720                    /opt/jdk1.7.0_79/jre/lib/jce.jar
7fd589184000-7fd58918e000 rw-p 00000000 00:00 0 
7fd58918e000-7fd589244000 rw-p 00000000 00:00 0 
7fd589244000-7fd589247000 ---p 00000000 00:00 0 
7fd589247000-7fd58934a000 rw-p 00000000 00:00 0                          [stack:9308]
7fd58934a000-7fd58934b000 r--s 00000000 08:04 1966798                    /opt/jdk1.7.0_79/jre/lib/management-agent.jar
7fd58934b000-7fd589354000 r--s 00068000 08:04 1966821                    /opt/jdk1.7.0_79/jre/lib/javaws.jar
7fd589354000-7fd58935f000 r--s 0037c000 08:04 1966820                    /opt/jdk1.7.0_79/jre/lib/charsets.jar
7fd58935f000-7fd589367000 rw-s 00000000 08:04 5250409                    /tmp/hsperfdata_xylr/9304
7fd589367000-7fd589368000 rw-p 00000000 00:00 0 
7fd589368000-7fd589369000 ---p 00000000 00:00 0 
7fd589369000-7fd58936b000 rw-p 00000000 00:00 0 
7fd58936b000-7fd58936c000 r--p 00022000 08:04 5375103                    /lib/x86_64-linux-gnu/ld-2.19.so
7fd58936c000-7fd58936d000 rw-p 00023000 08:04 5375103                    /lib/x86_64-linux-gnu/ld-2.19.so
7fd58936d000-7fd58936e000 rw-p 00000000 00:00 0 
7ffee71a8000-7ffee71cb000 rw-p 00000000 00:00 0                          [stack]
7ffee71d4000-7ffee71d6000 r--p 00000000 00:00 0                          [vvar]
7ffee71d6000-7ffee71d8000 r-xp 00000000 00:00 0                          [vdso]
ffffffffff600000-ffffffffff601000 r-xp 00000000 00:00 0                  [vsyscall]

VM Arguments:
jvm_args: -Didea.launcher.port=7533 -Didea.launcher.bin.path=/opt/idea-IC-145.258.11/bin -Dfile.encoding=UTF-8 
java_command: com.intellij.rt.execution.application.AppMain com.xy.lr.java.tfidf.App
Launcher Type: SUN_STANDARD

Environment Variables:
JAVA_HOME=/opt/jdk1.7.0_79
CLASSPATH=/opt/idea-IC-145.258.11/bin/../lib/bootstrap.jar:/opt/idea-IC-145.258.11/bin/../lib/extensions.jar:/opt/idea-IC-145.258.11/bin/../lib/util.jar:/opt/idea-IC-145.258.11/bin/../lib/jdom.jar:/opt/idea-IC-145.258.11/bin/../lib/log4j.jar:/opt/idea-IC-145.258.11/bin/../lib/trove4j.jar:/opt/idea-IC-145.258.11/bin/../lib/jna.jar:/opt/idea-IC-145.258.11/bin/../jre/lib/tools.jar
PATH=/opt/ChineseInfoXtract/bin:/opt/scala-2.10.4/bin:/opt/idea-IC-145.258.11/bin:/opt/maven-3.3.9/bin:/opt/jdk1.7.0_79/bin:/usr/local/sbin:/usr/local/bin:/usr/sbin:/usr/bin:/sbin:/bin:/usr/games:/usr/local/games
LD_LIBRARY_PATH=/opt/idea-IC-145.258.11/bin:/usr/local/lib:/home/xylr/software/package/eclipse/plugins:/home/xylr/mylib:/home/user/hadoop/lib/native/Linux-amd64-64:/opt/omniORB4/lib:/opt/icu/lib:/opt/xerces-c/lib:/opt/xalan-c/lib:/opt/libiconv/lib:/opt/libxml2/lib:/opt/CRFPP/lib:/opt/thrift/lib:
SHELL=/bin/bash
DISPLAY=:0

Signal Handlers:
SIGSEGV: [libjvm.so+0x9a3bf0], sa_mask[0]=0x7ffbfeff, sa_flags=0x10000004
SIGBUS: [libjvm.so+0x9a3bf0], sa_mask[0]=0x7ffbfeff, sa_flags=0x10000004
SIGFPE: [libjvm.so+0x81cb60], sa_mask[0]=0x7ffbfeff, sa_flags=0x10000004
SIGPIPE: [libjvm.so+0x81cb60], sa_mask[0]=0x7ffbfeff, sa_flags=0x10000004
SIGXFSZ: [libjvm.so+0x81cb60], sa_mask[0]=0x7ffbfeff, sa_flags=0x10000004
SIGILL: [libjvm.so+0x81cb60], sa_mask[0]=0x7ffbfeff, sa_flags=0x10000004
SIGUSR1: SIG_DFL, sa_mask[0]=0x00000000, sa_flags=0x00000000
SIGUSR2: [libjvm.so+0x81e360], sa_mask[0]=0x00000004, sa_flags=0x10000004
SIGHUP: [libjvm.so+0x81f480], sa_mask[0]=0x7ffbfeff, sa_flags=0x10000004
SIGINT: [libjvm.so+0x81f480], sa_mask[0]=0x7ffbfeff, sa_flags=0x10000004
SIGTERM: [libjvm.so+0x81f480], sa_mask[0]=0x7ffbfeff, sa_flags=0x10000004
SIGQUIT: [libjvm.so+0x81f480], sa_mask[0]=0x7ffbfeff, sa_flags=0x10000004


---------------  S Y S T E M  ---------------

OS:jessie/sid

uname:Linux 3.19.0-56-generic #62~14.04.1-Ubuntu SMP Fri Mar 11 11:03:15 UTC 2016 x86_64
libc:glibc 2.19 NPTL 2.19 
rlimit: STACK 8192k, CORE 0k, NPROC 31484, NOFILE 4096, AS infinity
load average:4.38 1.47 0.82

/proc/meminfo:
MemTotal:        8081484 kB
MemFree:          121364 kB
MemAvailable:     106336 kB
Buffers:            1928 kB
Cached:          1324592 kB
SwapCached:            0 kB
Active:          6486624 kB
Inactive:        1256080 kB
Active(anon):    6450104 kB
Inactive(anon):  1214032 kB
Active(file):      36520 kB
Inactive(file):    42048 kB
Unevictable:         248 kB
Mlocked:             248 kB
SwapTotal:             0 kB
SwapFree:              0 kB
Dirty:               252 kB
Writeback:             0 kB
AnonPages:       6416588 kB
Mapped:           215024 kB
Shmem:           1247836 kB
Slab:              98920 kB
SReclaimable:      60308 kB
SUnreclaim:        38612 kB
KernelStack:       11344 kB
PageTables:        50496 kB
NFS_Unstable:          0 kB
Bounce:                0 kB
WritebackTmp:          0 kB
CommitLimit:     4040740 kB
Committed_AS:   10651312 kB
VmallocTotal:   34359738367 kB
VmallocUsed:      378184 kB
VmallocChunk:   34359301736 kB
HardwareCorrupted:     0 kB
AnonHugePages:   1939456 kB
CmaTotal:              0 kB
CmaFree:               0 kB
HugePages_Total:       0
HugePages_Free:        0
HugePages_Rsvd:        0
HugePages_Surp:        0
Hugepagesize:       2048 kB
DirectMap4k:      145580 kB
DirectMap2M:     8148992 kB
DirectMap1G:           0 kB


CPU:total 4 (2 cores per cpu, 2 threads per core) family 6 model 69 stepping 1, cmov, cx8, fxsr, mmx, sse, sse2, sse3, ssse3, sse4.1, sse4.2, popcnt, avx, avx2, aes, erms, ht, tsc, tscinvbit

/proc/cpuinfo:
processor	: 0
vendor_id	: GenuineIntel
cpu family	: 6
model		: 69
model name	: Intel(R) Core(TM) i5-4210U CPU @ 1.70GHz
stepping	: 1
microcode	: 0x17
cpu MHz		: 1747.593
cache size	: 3072 KB
physical id	: 0
siblings	: 4
core id		: 0
cpu cores	: 2
apicid		: 0
initial apicid	: 0
fpu		: yes
fpu_exception	: yes
cpuid level	: 13
wp		: yes
flags		: fpu vme de pse tsc msr pae mce cx8 apic sep mtrr pge mca cmov pat pse36 clflush dts acpi mmx fxsr sse sse2 ss ht tm pbe syscall nx pdpe1gb rdtscp lm constant_tsc arch_perfmon pebs bts rep_good nopl xtopology nonstop_tsc aperfmperf eagerfpu pni pclmulqdq dtes64 monitor ds_cpl vmx est tm2 ssse3 fma cx16 xtpr pdcm pcid sse4_1 sse4_2 movbe popcnt tsc_deadline_timer aes xsave avx f16c rdrand lahf_lm abm ida arat epb pln pts dtherm tpr_shadow vnmi flexpriority ept vpid fsgsbase tsc_adjust bmi1 avx2 smep bmi2 erms invpcid xsaveopt
bugs		:
bogomips	: 4788.86
clflush size	: 64
cache_alignment	: 64
address sizes	: 39 bits physical, 48 bits virtual
power management:

processor	: 1
vendor_id	: GenuineIntel
cpu family	: 6
model		: 69
model name	: Intel(R) Core(TM) i5-4210U CPU @ 1.70GHz
stepping	: 1
microcode	: 0x17
cpu MHz		: 1661.718
cache size	: 3072 KB
physical id	: 0
siblings	: 4
core id		: 0
cpu cores	: 2
apicid		: 1
initial apicid	: 1
fpu		: yes
fpu_exception	: yes
cpuid level	: 13
wp		: yes
flags		: fpu vme de pse tsc msr pae mce cx8 apic sep mtrr pge mca cmov pat pse36 clflush dts acpi mmx fxsr sse sse2 ss ht tm pbe syscall nx pdpe1gb rdtscp lm constant_tsc arch_perfmon pebs bts rep_good nopl xtopology nonstop_tsc aperfmperf eagerfpu pni pclmulqdq dtes64 monitor ds_cpl vmx est tm2 ssse3 fma cx16 xtpr pdcm pcid sse4_1 sse4_2 movbe popcnt tsc_deadline_timer aes xsave avx f16c rdrand lahf_lm abm ida arat epb pln pts dtherm tpr_shadow vnmi flexpriority ept vpid fsgsbase tsc_adjust bmi1 avx2 smep bmi2 erms invpcid xsaveopt
bugs		:
bogomips	: 4788.86
clflush size	: 64
cache_alignment	: 64
address sizes	: 39 bits physical, 48 bits virtual
power management:

processor	: 2
vendor_id	: GenuineIntel
cpu family	: 6
model		: 69
model name	: Intel(R) Core(TM) i5-4210U CPU @ 1.70GHz
stepping	: 1
microcode	: 0x17
cpu MHz		: 1780.218
cache size	: 3072 KB
physical id	: 0
siblings	: 4
core id		: 1
cpu cores	: 2
apicid		: 2
initial apicid	: 2
fpu		: yes
fpu_exception	: yes
cpuid level	: 13
wp		: yes
flags		: fpu vme de pse tsc msr pae mce cx8 apic sep mtrr pge mca cmov pat pse36 clflush dts acpi mmx fxsr sse sse2 ss ht tm pbe syscall nx pdpe1gb rdtscp lm constant_tsc arch_perfmon pebs bts rep_good nopl xtopology nonstop_tsc aperfmperf eagerfpu pni pclmulqdq dtes64 monitor ds_cpl vmx est tm2 ssse3 fma cx16 xtpr pdcm pcid sse4_1 sse4_2 movbe popcnt tsc_deadline_timer aes xsave avx f16c rdrand lahf_lm abm ida arat epb pln pts dtherm tpr_shadow vnmi flexpriority ept vpid fsgsbase tsc_adjust bmi1 avx2 smep bmi2 erms invpcid xsaveopt
bugs		:
bogomips	: 4788.86
clflush size	: 64
cache_alignment	: 64
address sizes	: 39 bits physical, 48 bits virtual
power management:

processor	: 3
vendor_id	: GenuineIntel
cpu family	: 6
model		: 69
model name	: Intel(R) Core(TM) i5-4210U CPU @ 1.70GHz
stepping	: 1
microcode	: 0x17
cpu MHz		: 1599.000
cache size	: 3072 KB
physical id	: 0
siblings	: 4
core id		: 1
cpu cores	: 2
apicid		: 3
initial apicid	: 3
fpu		: yes
fpu_exception	: yes
cpuid level	: 13
wp		: yes
flags		: fpu vme de pse tsc msr pae mce cx8 apic sep mtrr pge mca cmov pat pse36 clflush dts acpi mmx fxsr sse sse2 ss ht tm pbe syscall nx pdpe1gb rdtscp lm constant_tsc arch_perfmon pebs bts rep_good nopl xtopology nonstop_tsc aperfmperf eagerfpu pni pclmulqdq dtes64 monitor ds_cpl vmx est tm2 ssse3 fma cx16 xtpr pdcm pcid sse4_1 sse4_2 movbe popcnt tsc_deadline_timer aes xsave avx f16c rdrand lahf_lm abm ida arat epb pln pts dtherm tpr_shadow vnmi flexpriority ept vpid fsgsbase tsc_adjust bmi1 avx2 smep bmi2 erms invpcid xsaveopt
bugs		:
bogomips	: 4788.86
clflush size	: 64
cache_alignment	: 64
address sizes	: 39 bits physical, 48 bits virtual
power management:



Memory: 4k page, physical 8081484k(121364k free), swap 0k(0k free)

vm_info: Java HotSpot(TM) 64-Bit Server VM (24.79-b02) for linux-amd64 JRE (1.7.0_79-b15), built on Apr 10 2015 11:34:48 by "java_re" with gcc 4.3.0 20080428 (Red Hat 4.3.0-8)

time: Thu Mar 24 19:43:28 2016
elapsed time: 33 seconds

